

Started GET "/" for ::1 at 2015-08-15 13:53:59 -0500

ActiveRecord::PendingMigrationError (

Migrations are pending. To resolve this issue, run:

	bin/rake db:migrate RAILS_ENV=development

):
  activerecord (4.2.3) lib/active_record/migration.rb:392:in `check_pending!'
  activerecord (4.2.3) lib/active_record/migration.rb:373:in `call'
  actionpack (4.2.3) lib/action_dispatch/middleware/callbacks.rb:29:in `block in call'
  activesupport (4.2.3) lib/active_support/callbacks.rb:84:in `run_callbacks'
  actionpack (4.2.3) lib/action_dispatch/middleware/callbacks.rb:27:in `call'
  actionpack (4.2.3) lib/action_dispatch/middleware/reloader.rb:73:in `call'
  actionpack (4.2.3) lib/action_dispatch/middleware/remote_ip.rb:78:in `call'
  actionpack (4.2.3) lib/action_dispatch/middleware/debug_exceptions.rb:17:in `call'
  web-console (2.2.1) lib/web_console/middleware.rb:39:in `call'
  actionpack (4.2.3) lib/action_dispatch/middleware/show_exceptions.rb:30:in `call'
  railties (4.2.3) lib/rails/rack/logger.rb:38:in `call_app'
  railties (4.2.3) lib/rails/rack/logger.rb:20:in `block in call'
  activesupport (4.2.3) lib/active_support/tagged_logging.rb:68:in `block in tagged'
  activesupport (4.2.3) lib/active_support/tagged_logging.rb:26:in `tagged'
  activesupport (4.2.3) lib/active_support/tagged_logging.rb:68:in `tagged'
  railties (4.2.3) lib/rails/rack/logger.rb:20:in `call'
  actionpack (4.2.3) lib/action_dispatch/middleware/request_id.rb:21:in `call'
  rack (1.6.4) lib/rack/methodoverride.rb:22:in `call'
  rack (1.6.4) lib/rack/runtime.rb:18:in `call'
  activesupport (4.2.3) lib/active_support/cache/strategy/local_cache_middleware.rb:28:in `call'
  rack (1.6.4) lib/rack/lock.rb:17:in `call'
  actionpack (4.2.3) lib/action_dispatch/middleware/static.rb:116:in `call'
  rack (1.6.4) lib/rack/sendfile.rb:113:in `call'
  railties (4.2.3) lib/rails/engine.rb:518:in `call'
  railties (4.2.3) lib/rails/application.rb:165:in `call'
  rack (1.6.4) lib/rack/lock.rb:17:in `call'
  rack (1.6.4) lib/rack/content_length.rb:15:in `call'
  rack (1.6.4) lib/rack/handler/webrick.rb:88:in `service'
  /Users/yiannismoses/.rbenv/versions/2.0.0-p481/lib/ruby/2.0.0/webrick/httpserver.rb:138:in `service'
  /Users/yiannismoses/.rbenv/versions/2.0.0-p481/lib/ruby/2.0.0/webrick/httpserver.rb:94:in `run'
  /Users/yiannismoses/.rbenv/versions/2.0.0-p481/lib/ruby/2.0.0/webrick/server.rb:295:in `block in start_thread'


  Rendered /Users/yiannismoses/.rbenv/versions/2.0.0-p481/lib/ruby/gems/2.0.0/gems/actionpack-4.2.3/lib/action_dispatch/middleware/templates/rescues/_source.erb (2.1ms)
  Rendered /Users/yiannismoses/.rbenv/versions/2.0.0-p481/lib/ruby/gems/2.0.0/gems/actionpack-4.2.3/lib/action_dispatch/middleware/templates/rescues/_trace.html.erb (1.1ms)
  Rendered /Users/yiannismoses/.rbenv/versions/2.0.0-p481/lib/ruby/gems/2.0.0/gems/actionpack-4.2.3/lib/action_dispatch/middleware/templates/rescues/_request_and_response.html.erb (1.1ms)
  Rendered /Users/yiannismoses/.rbenv/versions/2.0.0-p481/lib/ruby/gems/2.0.0/gems/actionpack-4.2.3/lib/action_dispatch/middleware/templates/rescues/diagnostics.html.erb within rescues/layout (21.5ms)
  Rendered /Users/yiannismoses/.rbenv/versions/2.0.0-p481/lib/ruby/gems/2.0.0/gems/web-console-2.2.1/lib/web_console/templates/_markup.html.erb (0.4ms)
  Rendered /Users/yiannismoses/.rbenv/versions/2.0.0-p481/lib/ruby/gems/2.0.0/gems/web-console-2.2.1/lib/web_console/templates/_inner_console_markup.html.erb within layouts/inlined_string (0.4ms)
  Rendered /Users/yiannismoses/.rbenv/versions/2.0.0-p481/lib/ruby/gems/2.0.0/gems/web-console-2.2.1/lib/web_console/templates/_prompt_box_markup.html.erb within layouts/inlined_string (0.2ms)
  Rendered /Users/yiannismoses/.rbenv/versions/2.0.0-p481/lib/ruby/gems/2.0.0/gems/web-console-2.2.1/lib/web_console/templates/style.css.erb within layouts/inlined_string (0.3ms)
  Rendered /Users/yiannismoses/.rbenv/versions/2.0.0-p481/lib/ruby/gems/2.0.0/gems/web-console-2.2.1/lib/web_console/templates/console.js.erb within layouts/javascript (47.7ms)
  Rendered /Users/yiannismoses/.rbenv/versions/2.0.0-p481/lib/ruby/gems/2.0.0/gems/web-console-2.2.1/lib/web_console/templates/main.js.erb within layouts/javascript (0.2ms)
  Rendered /Users/yiannismoses/.rbenv/versions/2.0.0-p481/lib/ruby/gems/2.0.0/gems/web-console-2.2.1/lib/web_console/templates/error_page.js.erb within layouts/javascript (0.3ms)
  Rendered /Users/yiannismoses/.rbenv/versions/2.0.0-p481/lib/ruby/gems/2.0.0/gems/web-console-2.2.1/lib/web_console/templates/index.html.erb (67.9ms)
  [1m[36m (0.9ms)[0m  [1mCREATE TABLE "schema_migrations" ("version" varchar NOT NULL) [0m
  [1m[35m (0.1ms)[0m  select sqlite_version(*)
  [1m[36m (0.6ms)[0m  [1mCREATE UNIQUE INDEX "unique_schema_migrations" ON "schema_migrations" ("version")[0m
  [1m[35mActiveRecord::SchemaMigration Load (0.1ms)[0m  SELECT "schema_migrations".* FROM "schema_migrations"
Migrating to CreateUsers (20150815184321)
  [1m[36m (0.1ms)[0m  [1mbegin transaction[0m
  [1m[35m (0.5ms)[0m  CREATE TABLE "users" ("id" INTEGER PRIMARY KEY AUTOINCREMENT NOT NULL, "username" varchar, "password_digest" varchar, "family_id" integer, "created_at" datetime NOT NULL, "updated_at" datetime NOT NULL) 
  [1m[36mSQL (0.2ms)[0m  [1mINSERT INTO "schema_migrations" ("version") VALUES (?)[0m  [["version", "20150815184321"]]
  [1m[35m (0.6ms)[0m  commit transaction
Migrating to CreateScavengerHunts (20150815184640)
  [1m[36m (0.1ms)[0m  [1mbegin transaction[0m
  [1m[35m (0.3ms)[0m  CREATE TABLE "scavenger_hunts" ("id" INTEGER PRIMARY KEY AUTOINCREMENT NOT NULL, "created_at" datetime NOT NULL, "updated_at" datetime NOT NULL) 
  [1m[36mSQL (0.1ms)[0m  [1mINSERT INTO "schema_migrations" ("version") VALUES (?)[0m  [["version", "20150815184640"]]
  [1m[35m (0.4ms)[0m  commit transaction
Migrating to CreateFamilies (20150815185544)
  [1m[36m (0.0ms)[0m  [1mbegin transaction[0m
  [1m[35m (0.2ms)[0m  CREATE TABLE "families" ("id" INTEGER PRIMARY KEY AUTOINCREMENT NOT NULL, "created_at" datetime NOT NULL, "updated_at" datetime NOT NULL) 
  [1m[36mSQL (0.1ms)[0m  [1mINSERT INTO "schema_migrations" ("version") VALUES (?)[0m  [["version", "20150815185544"]]
  [1m[35m (0.5ms)[0m  commit transaction
Migrating to CreateHouses (20150815190116)
  [1m[36m (0.0ms)[0m  [1mbegin transaction[0m
  [1m[35m (0.3ms)[0m  CREATE TABLE "houses" ("id" INTEGER PRIMARY KEY AUTOINCREMENT NOT NULL, "created_at" datetime NOT NULL, "updated_at" datetime NOT NULL) 
  [1m[36mSQL (0.1ms)[0m  [1mINSERT INTO "schema_migrations" ("version") VALUES (?)[0m  [["version", "20150815190116"]]
  [1m[35m (0.5ms)[0m  commit transaction
  [1m[36mActiveRecord::SchemaMigration Load (0.1ms)[0m  [1mSELECT "schema_migrations".* FROM "schema_migrations"[0m
  [1m[36m (0.1ms)[0m  [1mbegin transaction[0m
  [1m[35mUser Exists (0.2ms)[0m  SELECT  1 AS one FROM "users" WHERE "users"."username" = 'jimbo' LIMIT 1
  [1m[36mSQL (0.4ms)[0m  [1mINSERT INTO "users" ("username", "password_digest", "created_at", "updated_at") VALUES (?, ?, ?, ?)[0m  [["username", "jimbo"], ["password_digest", "$2a$10$Rqxb2SuqXSpcpnm/s1usjeaj8FoFL7JDxhdHJXKnW9T97EvjxlsVq"], ["created_at", "2015-08-15 19:06:35.513928"], ["updated_at", "2015-08-15 19:06:35.513928"]]
  [1m[35m (0.5ms)[0m  commit transaction
  [1m[36m (0.0ms)[0m  [1mbegin transaction[0m
  [1m[35mSQL (0.3ms)[0m  INSERT INTO "families" ("created_at", "updated_at") VALUES (?, ?)  [["created_at", "2015-08-15 19:07:06.571814"], ["updated_at", "2015-08-15 19:07:06.571814"]]
  [1m[36m (0.4ms)[0m  [1mcommit transaction[0m
  [1m[35mUser Load (0.2ms)[0m  SELECT  "users".* FROM "users"  ORDER BY "users"."id" ASC LIMIT 1
  [1m[36mFamily Load (0.2ms)[0m  [1mSELECT  "families".* FROM "families"  ORDER BY "families"."id" ASC LIMIT 1[0m
  [1m[35m (0.0ms)[0m  begin transaction
  [1m[36mUser Exists (0.1ms)[0m  [1mSELECT  1 AS one FROM "users" WHERE ("users"."username" = 'jimbo' AND "users"."id" != 1) LIMIT 1[0m
  [1m[35mSQL (0.3ms)[0m  UPDATE "users" SET "family_id" = ?, "updated_at" = ? WHERE "users"."id" = ?  [["family_id", 1], ["updated_at", "2015-08-15 19:08:33.585542"], ["id", 1]]
  [1m[36m (0.4ms)[0m  [1mcommit transaction[0m
  [1m[35mUser Load (0.2ms)[0m  SELECT  "users".* FROM "users"  ORDER BY "users"."id" ASC LIMIT 1
  [1m[36mFamily Load (0.2ms)[0m  [1mSELECT  "families".* FROM "families"  ORDER BY "families"."id" ASC LIMIT 1[0m
  [1m[35mFamily Load (0.2ms)[0m  SELECT  "families".* FROM "families"  ORDER BY "families"."id" ASC LIMIT 1
  [1m[36mUser Load (0.2ms)[0m  [1mSELECT "users".* FROM "users" WHERE "users"."family_id" = ?[0m  [["family_id", 1]]
  [1m[36m (2.5ms)[0m  [1mCREATE TABLE "schema_migrations" ("version" varchar NOT NULL) [0m
  [1m[35m (0.1ms)[0m  select sqlite_version(*)
  [1m[36m (0.7ms)[0m  [1mCREATE UNIQUE INDEX "unique_schema_migrations" ON "schema_migrations" ("version")[0m
  [1m[35mActiveRecord::SchemaMigration Load (0.1ms)[0m  SELECT "schema_migrations".* FROM "schema_migrations"
Migrating to CreateUsers (20150815184321)
  [1m[36m (0.1ms)[0m  [1mbegin transaction[0m
  [1m[35m (0.3ms)[0m  CREATE TABLE "users" ("id" INTEGER PRIMARY KEY AUTOINCREMENT NOT NULL, "username" varchar, "password_digest" varchar, "family_id" integer, "created_at" datetime NOT NULL, "updated_at" datetime NOT NULL) 
  [1m[36mSQL (0.1ms)[0m  [1mINSERT INTO "schema_migrations" ("version") VALUES (?)[0m  [["version", "20150815184321"]]
  [1m[35m (0.5ms)[0m  commit transaction
Migrating to CreateScavengerHunts (20150815184640)
  [1m[36m (0.0ms)[0m  [1mbegin transaction[0m
  [1m[35m (0.2ms)[0m  CREATE TABLE "scavenger_hunts" ("id" INTEGER PRIMARY KEY AUTOINCREMENT NOT NULL, "family_id" integer, "created_at" datetime NOT NULL, "updated_at" datetime NOT NULL) 
  [1m[36mSQL (0.1ms)[0m  [1mINSERT INTO "schema_migrations" ("version") VALUES (?)[0m  [["version", "20150815184640"]]
  [1m[35m (0.5ms)[0m  commit transaction
Migrating to CreateFamilies (20150815185544)
  [1m[36m (0.0ms)[0m  [1mbegin transaction[0m
  [1m[35m (0.2ms)[0m  CREATE TABLE "families" ("id" INTEGER PRIMARY KEY AUTOINCREMENT NOT NULL, "created_at" datetime NOT NULL, "updated_at" datetime NOT NULL) 
  [1m[36mSQL (0.1ms)[0m  [1mINSERT INTO "schema_migrations" ("version") VALUES (?)[0m  [["version", "20150815185544"]]
  [1m[35m (0.4ms)[0m  commit transaction
Migrating to CreateHouses (20150815190116)
  [1m[36m (0.0ms)[0m  [1mbegin transaction[0m
  [1m[35m (0.3ms)[0m  CREATE TABLE "houses" ("id" INTEGER PRIMARY KEY AUTOINCREMENT NOT NULL, "created_at" datetime NOT NULL, "updated_at" datetime NOT NULL) 
  [1m[36mSQL (0.1ms)[0m  [1mINSERT INTO "schema_migrations" ("version") VALUES (?)[0m  [["version", "20150815190116"]]
  [1m[35m (0.5ms)[0m  commit transaction
  [1m[36mActiveRecord::SchemaMigration Load (0.1ms)[0m  [1mSELECT "schema_migrations".* FROM "schema_migrations"[0m
  [1m[36m (0.1ms)[0m  [1mbegin transaction[0m
  [1m[35mUser Exists (0.2ms)[0m  SELECT  1 AS one FROM "users" WHERE "users"."username" = 'Fido' LIMIT 1
  [1m[36mSQL (0.4ms)[0m  [1mINSERT INTO "users" ("username", "password_digest", "created_at", "updated_at") VALUES (?, ?, ?, ?)[0m  [["username", "Fido"], ["password_digest", "$2a$10$Rmt03qtCbEB/UZ7iMkzPzuqx.li6Ry0NyjfYyaFwrXgJIChXLlIp6"], ["created_at", "2015-08-15 19:16:07.918634"], ["updated_at", "2015-08-15 19:16:07.918634"]]
  [1m[35m (0.5ms)[0m  commit transaction
  [1m[36m (0.0ms)[0m  [1mbegin transaction[0m
  [1m[35mSQL (0.3ms)[0m  INSERT INTO "families" ("created_at", "updated_at") VALUES (?, ?)  [["created_at", "2015-08-15 19:16:29.229575"], ["updated_at", "2015-08-15 19:16:29.229575"]]
  [1m[36m (0.4ms)[0m  [1mcommit transaction[0m
  [1m[35mUser Load (0.2ms)[0m  SELECT  "users".* FROM "users"  ORDER BY "users"."id" ASC LIMIT 1
  [1m[36mFamily Load (0.2ms)[0m  [1mSELECT  "families".* FROM "families"  ORDER BY "families"."id" ASC LIMIT 1[0m
  [1m[35m (0.0ms)[0m  begin transaction
  [1m[36mUser Exists (0.1ms)[0m  [1mSELECT  1 AS one FROM "users" WHERE ("users"."username" = 'Fido' AND "users"."id" != 1) LIMIT 1[0m
  [1m[35mSQL (0.3ms)[0m  UPDATE "users" SET "family_id" = ?, "updated_at" = ? WHERE "users"."id" = ?  [["family_id", 1], ["updated_at", "2015-08-15 19:17:20.827260"], ["id", 1]]
  [1m[36m (2.1ms)[0m  [1mcommit transaction[0m
  [1m[35mFamily Load (0.2ms)[0m  SELECT  "families".* FROM "families"  ORDER BY "families"."id" ASC LIMIT 1
  [1m[36m (0.0ms)[0m  [1mbegin transaction[0m
  [1m[35mSQL (0.3ms)[0m  INSERT INTO "scavenger_hunts" ("family_id", "created_at", "updated_at") VALUES (?, ?, ?)  [["family_id", 1], ["created_at", "2015-08-15 19:17:47.194173"], ["updated_at", "2015-08-15 19:17:47.194173"]]
  [1m[36m (0.4ms)[0m  [1mcommit transaction[0m
  [1m[35mFamily Load (0.3ms)[0m  SELECT  "families".* FROM "families"  ORDER BY "families"."id" ASC LIMIT 1
  [1m[36mUser Load (0.2ms)[0m  [1mSELECT "users".* FROM "users" WHERE "users"."family_id" = ?[0m  [["family_id", 1]]
  [1m[35mFamily Load (0.2ms)[0m  SELECT  "families".* FROM "families"  ORDER BY "families"."id" ASC LIMIT 1
  [1m[36mScavengerHunt Load (0.2ms)[0m  [1mSELECT "scavenger_hunts".* FROM "scavenger_hunts" WHERE "scavenger_hunts"."family_id" = ?[0m  [["family_id", 1]]
  [1m[36m (0.9ms)[0m  [1mCREATE TABLE "schema_migrations" ("version" varchar NOT NULL) [0m
  [1m[35m (0.1ms)[0m  select sqlite_version(*)
  [1m[36m (0.7ms)[0m  [1mCREATE UNIQUE INDEX "unique_schema_migrations" ON "schema_migrations" ("version")[0m
  [1m[35mActiveRecord::SchemaMigration Load (0.1ms)[0m  SELECT "schema_migrations".* FROM "schema_migrations"
Migrating to CreateUsers (20150815184321)
  [1m[36m (0.1ms)[0m  [1mbegin transaction[0m
  [1m[35m (0.4ms)[0m  CREATE TABLE "users" ("id" INTEGER PRIMARY KEY AUTOINCREMENT NOT NULL, "username" varchar, "password_digest" varchar, "created_at" datetime NOT NULL, "updated_at" datetime NOT NULL) 
  [1m[36mSQL (0.2ms)[0m  [1mINSERT INTO "schema_migrations" ("version") VALUES (?)[0m  [["version", "20150815184321"]]
  [1m[35m (0.5ms)[0m  commit transaction
Migrating to CreateScavengerHunts (20150815184640)
  [1m[36m (0.1ms)[0m  [1mbegin transaction[0m
  [1m[35m (0.3ms)[0m  CREATE TABLE "scavenger_hunts" ("id" INTEGER PRIMARY KEY AUTOINCREMENT NOT NULL, "created_at" datetime NOT NULL, "updated_at" datetime NOT NULL) 
  [1m[36mSQL (0.1ms)[0m  [1mINSERT INTO "schema_migrations" ("version") VALUES (?)[0m  [["version", "20150815184640"]]
  [1m[35m (0.4ms)[0m  commit transaction
Migrating to CreateGames (20150815212110)
  [1m[36m (0.1ms)[0m  [1mbegin transaction[0m
  [1m[35m (0.3ms)[0m  CREATE TABLE "games" ("id" INTEGER PRIMARY KEY AUTOINCREMENT NOT NULL, "player_one_id" integer, "player_two_id" integer, "scavenger_hunt_id_id" integer, "created_at" datetime NOT NULL, "updated_at" datetime NOT NULL) 
  [1m[36mSQL (0.1ms)[0m  [1mINSERT INTO "schema_migrations" ("version") VALUES (?)[0m  [["version", "20150815212110"]]
  [1m[35m (0.5ms)[0m  commit transaction
Migrating to CreateMissions (20150815212311)
  [1m[36m (0.0ms)[0m  [1mbegin transaction[0m
  [1m[35m (0.2ms)[0m  CREATE TABLE "missions" ("id" INTEGER PRIMARY KEY AUTOINCREMENT NOT NULL, "image" varchar, "clue" varchar, "lat" varchar, "long" varchar, "hint" varchar, "scavenger_hunt_id" integer, "created_at" datetime NOT NULL, "updated_at" datetime NOT NULL) 
  [1m[36mSQL (0.1ms)[0m  [1mINSERT INTO "schema_migrations" ("version") VALUES (?)[0m  [["version", "20150815212311"]]
  [1m[35m (0.4ms)[0m  commit transaction
  [1m[36mActiveRecord::SchemaMigration Load (0.2ms)[0m  [1mSELECT "schema_migrations".* FROM "schema_migrations"[0m
  [1m[36mActiveRecord::SchemaMigration Load (0.1ms)[0m  [1mSELECT "schema_migrations".* FROM "schema_migrations"[0m
  [1m[35m (0.1ms)[0m  begin transaction
  [1m[36mUser Exists (0.2ms)[0m  [1mSELECT  1 AS one FROM "users" WHERE "users"."username" = 'father' LIMIT 1[0m
  [1m[35mSQL (0.4ms)[0m  INSERT INTO "users" ("username", "password_digest", "created_at", "updated_at") VALUES (?, ?, ?, ?)  [["username", "father"], ["password_digest", "$2a$10$hBqe7pF5w07KUxcMYNGn6eyZu/5E53SacOkAZXXDkRE4oLq.s5F0K"], ["created_at", "2015-08-15 21:33:56.229692"], ["updated_at", "2015-08-15 21:33:56.229692"]]
  [1m[36m (0.4ms)[0m  [1mcommit transaction[0m
  [1m[35m (0.0ms)[0m  begin transaction
  [1m[36mUser Exists (0.1ms)[0m  [1mSELECT  1 AS one FROM "users" WHERE "users"."username" = 'son' LIMIT 1[0m
  [1m[35mSQL (0.2ms)[0m  INSERT INTO "users" ("username", "password_digest", "created_at", "updated_at") VALUES (?, ?, ?, ?)  [["username", "son"], ["password_digest", "$2a$10$r24npxaUzCjeZkNZ5ZRl1ejGlyOw0CYPj5euogV6WOiGoXEsr7VoG"], ["created_at", "2015-08-15 21:33:56.299206"], ["updated_at", "2015-08-15 21:33:56.299206"]]
  [1m[36m (2.4ms)[0m  [1mcommit transaction[0m
  [1m[36mActiveRecord::SchemaMigration Load (0.1ms)[0m  [1mSELECT "schema_migrations".* FROM "schema_migrations"[0m
  [1m[35m (0.1ms)[0m  begin transaction
  [1m[36mUser Exists (0.1ms)[0m  [1mSELECT  1 AS one FROM "users" WHERE "users"."username" = 'father' LIMIT 1[0m
  [1m[35m (0.1ms)[0m  rollback transaction
  [1m[36m (0.1ms)[0m  [1mbegin transaction[0m
  [1m[35mUser Exists (0.1ms)[0m  SELECT  1 AS one FROM "users" WHERE "users"."username" = 'son' LIMIT 1
  [1m[36m (0.0ms)[0m  [1mrollback transaction[0m
  [1m[36m (2.7ms)[0m  [1mCREATE TABLE "schema_migrations" ("version" varchar NOT NULL) [0m
  [1m[35m (0.1ms)[0m  select sqlite_version(*)
  [1m[36m (0.7ms)[0m  [1mCREATE UNIQUE INDEX "unique_schema_migrations" ON "schema_migrations" ("version")[0m
  [1m[35mActiveRecord::SchemaMigration Load (0.1ms)[0m  SELECT "schema_migrations".* FROM "schema_migrations"
  [1m[36m (2.4ms)[0m  [1mCREATE TABLE "schema_migrations" ("version" varchar NOT NULL) [0m
  [1m[35m (0.1ms)[0m  select sqlite_version(*)
  [1m[36m (0.6ms)[0m  [1mCREATE UNIQUE INDEX "unique_schema_migrations" ON "schema_migrations" ("version")[0m
  [1m[35mActiveRecord::SchemaMigration Load (0.1ms)[0m  SELECT "schema_migrations".* FROM "schema_migrations"
Migrating to CreateUsers (20150815184321)
  [1m[36m (0.0ms)[0m  [1mbegin transaction[0m
  [1m[35m (0.3ms)[0m  CREATE TABLE "users" ("id" INTEGER PRIMARY KEY AUTOINCREMENT NOT NULL, "username" varchar, "password_digest" varchar, "created_at" datetime NOT NULL, "updated_at" datetime NOT NULL) 
  [1m[36mSQL (0.1ms)[0m  [1mINSERT INTO "schema_migrations" ("version") VALUES (?)[0m  [["version", "20150815184321"]]
  [1m[35m (0.6ms)[0m  commit transaction
Migrating to CreateScavengerHunts (20150815184640)
  [1m[36m (0.1ms)[0m  [1mbegin transaction[0m
  [1m[35m (0.3ms)[0m  CREATE TABLE "scavenger_hunts" ("id" INTEGER PRIMARY KEY AUTOINCREMENT NOT NULL, "name" varchar, "created_at" datetime NOT NULL, "updated_at" datetime NOT NULL) 
  [1m[36mSQL (0.1ms)[0m  [1mINSERT INTO "schema_migrations" ("version") VALUES (?)[0m  [["version", "20150815184640"]]
  [1m[35m (0.5ms)[0m  commit transaction
Migrating to CreateGames (20150815212110)
  [1m[36m (0.0ms)[0m  [1mbegin transaction[0m
  [1m[35m (0.2ms)[0m  CREATE TABLE "games" ("id" INTEGER PRIMARY KEY AUTOINCREMENT NOT NULL, "player_one_id" integer, "player_two_id" integer, "scavenger_hunt_id_id" integer, "created_at" datetime NOT NULL, "updated_at" datetime NOT NULL) 
  [1m[36mSQL (0.1ms)[0m  [1mINSERT INTO "schema_migrations" ("version") VALUES (?)[0m  [["version", "20150815212110"]]
  [1m[35m (0.5ms)[0m  commit transaction
Migrating to CreateMissions (20150815212311)
  [1m[36m (0.0ms)[0m  [1mbegin transaction[0m
  [1m[35m (0.2ms)[0m  CREATE TABLE "missions" ("id" INTEGER PRIMARY KEY AUTOINCREMENT NOT NULL, "image" varchar, "clue" varchar, "lat" varchar, "long" varchar, "hint" varchar, "scavenger_hunt_id" integer, "created_at" datetime NOT NULL, "updated_at" datetime NOT NULL) 
  [1m[36mSQL (0.1ms)[0m  [1mINSERT INTO "schema_migrations" ("version") VALUES (?)[0m  [["version", "20150815212311"]]
  [1m[35m (0.6ms)[0m  commit transaction
  [1m[36mActiveRecord::SchemaMigration Load (0.1ms)[0m  [1mSELECT "schema_migrations".* FROM "schema_migrations"[0m
  [1m[35mActiveRecord::SchemaMigration Load (0.1ms)[0m  SELECT "schema_migrations".* FROM "schema_migrations"
  [1m[36m (0.1ms)[0m  [1mbegin transaction[0m
  [1m[35mUser Exists (0.1ms)[0m  SELECT  1 AS one FROM "users" WHERE "users"."username" = 'father' LIMIT 1
  [1m[36mSQL (0.3ms)[0m  [1mINSERT INTO "users" ("username", "password_digest", "created_at", "updated_at") VALUES (?, ?, ?, ?)[0m  [["username", "father"], ["password_digest", "$2a$10$2FI60wx8CC/WNE.FLa1ID.B/9jYgbUlUX2jWc6pY6OP9t9UvTUJYi"], ["created_at", "2015-08-15 21:35:04.154465"], ["updated_at", "2015-08-15 21:35:04.154465"]]
  [1m[35m (2.4ms)[0m  commit transaction
  [1m[36m (0.1ms)[0m  [1mbegin transaction[0m
  [1m[35mUser Exists (0.1ms)[0m  SELECT  1 AS one FROM "users" WHERE "users"."username" = 'son' LIMIT 1
  [1m[36mSQL (0.2ms)[0m  [1mINSERT INTO "users" ("username", "password_digest", "created_at", "updated_at") VALUES (?, ?, ?, ?)[0m  [["username", "son"], ["password_digest", "$2a$10$RBRDEkEiTfAGH/OFU/zmy.XInQC6Vho.29t28bw48QsFYs9PpIKLi"], ["created_at", "2015-08-15 21:35:04.229637"], ["updated_at", "2015-08-15 21:35:04.229637"]]
  [1m[35m (2.5ms)[0m  commit transaction
  [1m[36m (0.1ms)[0m  [1mbegin transaction[0m
  [1m[35mSQL (0.2ms)[0m  INSERT INTO "scavenger_hunts" ("name", "created_at", "updated_at") VALUES (?, ?, ?)  [["name", "ScavengerHunt"], ["created_at", "2015-08-15 21:35:04.239046"], ["updated_at", "2015-08-15 21:35:04.239046"]]
  [1m[36m (0.8ms)[0m  [1mcommit transaction[0m
  [1m[35m (0.1ms)[0m  begin transaction
  [1m[36mSQL (0.3ms)[0m  [1mINSERT INTO "missions" ("image", "clue", "lat", "long", "hint", "scavenger_hunt_id", "created_at", "updated_at") VALUES (?, ?, ?, ?, ?, ?, ?, ?)[0m  [["image", "homeandstudio_0_0.jpg"], ["clue", "Famous architect's abode"], ["lat", "90"], ["long", "90"], ["hint", "Ol' Frankie"], ["scavenger_hunt_id", 1], ["created_at", "2015-08-15 21:35:04.254017"], ["updated_at", "2015-08-15 21:35:04.254017"]]
  [1m[35m (0.4ms)[0m  commit transaction
  [1m[36mUser Load (0.9ms)[0m  [1mSELECT "users".* FROM "users"[0m
  [1m[35mUser Load (0.3ms)[0m  SELECT  "users".* FROM "users"  ORDER BY "users"."id" DESC LIMIT 1
  [1m[36m (2.8ms)[0m  [1mCREATE TABLE "schema_migrations" ("version" varchar NOT NULL) [0m
  [1m[35m (0.1ms)[0m  select sqlite_version(*)
  [1m[36m (0.8ms)[0m  [1mCREATE UNIQUE INDEX "unique_schema_migrations" ON "schema_migrations" ("version")[0m
  [1m[35mActiveRecord::SchemaMigration Load (0.1ms)[0m  SELECT "schema_migrations".* FROM "schema_migrations"
Migrating to CreateUsers (20150815184321)
  [1m[36m (0.2ms)[0m  [1mbegin transaction[0m
  [1m[35m (0.4ms)[0m  CREATE TABLE "users" ("id" INTEGER PRIMARY KEY AUTOINCREMENT NOT NULL, "username" varchar, "password_digest" varchar, "created_at" datetime NOT NULL, "updated_at" datetime NOT NULL) 
  [1m[36mSQL (0.2ms)[0m  [1mINSERT INTO "schema_migrations" ("version") VALUES (?)[0m  [["version", "20150815184321"]]
  [1m[35m (0.7ms)[0m  commit transaction
Migrating to CreateScavengerHunts (20150815184640)
  [1m[36m (0.1ms)[0m  [1mbegin transaction[0m
  [1m[35m (0.3ms)[0m  CREATE TABLE "scavenger_hunts" ("id" INTEGER PRIMARY KEY AUTOINCREMENT NOT NULL, "name" varchar, "created_at" datetime NOT NULL, "updated_at" datetime NOT NULL) 
  [1m[36mSQL (0.1ms)[0m  [1mINSERT INTO "schema_migrations" ("version") VALUES (?)[0m  [["version", "20150815184640"]]
  [1m[35m (0.5ms)[0m  commit transaction
Migrating to CreateGames (20150815212110)
  [1m[36m (0.1ms)[0m  [1mbegin transaction[0m
  [1m[35m (0.3ms)[0m  CREATE TABLE "games" ("id" INTEGER PRIMARY KEY AUTOINCREMENT NOT NULL, "player_one_id" integer, "player_two_id" integer, "scavenger_hunt_id" integer, "created_at" datetime NOT NULL, "updated_at" datetime NOT NULL) 
  [1m[36mSQL (0.1ms)[0m  [1mINSERT INTO "schema_migrations" ("version") VALUES (?)[0m  [["version", "20150815212110"]]
  [1m[35m (0.6ms)[0m  commit transaction
Migrating to CreateMissions (20150815212311)
  [1m[36m (0.1ms)[0m  [1mbegin transaction[0m
  [1m[35m (0.3ms)[0m  CREATE TABLE "missions" ("id" INTEGER PRIMARY KEY AUTOINCREMENT NOT NULL, "image" varchar, "clue" varchar, "lat" varchar, "long" varchar, "hint" varchar, "scavenger_hunt_id" integer, "created_at" datetime NOT NULL, "updated_at" datetime NOT NULL) 
  [1m[36mSQL (0.1ms)[0m  [1mINSERT INTO "schema_migrations" ("version") VALUES (?)[0m  [["version", "20150815212311"]]
  [1m[35m (0.4ms)[0m  commit transaction
  [1m[36mActiveRecord::SchemaMigration Load (0.1ms)[0m  [1mSELECT "schema_migrations".* FROM "schema_migrations"[0m
  [1m[35mActiveRecord::SchemaMigration Load (0.1ms)[0m  SELECT "schema_migrations".* FROM "schema_migrations"
  [1m[36m (0.1ms)[0m  [1mbegin transaction[0m
  [1m[35mUser Exists (0.1ms)[0m  SELECT  1 AS one FROM "users" WHERE "users"."username" = 'father' LIMIT 1
  [1m[36mSQL (0.2ms)[0m  [1mINSERT INTO "users" ("username", "password_digest", "created_at", "updated_at") VALUES (?, ?, ?, ?)[0m  [["username", "father"], ["password_digest", "$2a$10$8VyMlW4A1O31kGxkiaFgMOMRhL3gUSQWn/Jpqsfqziy/a3CL1WOEG"], ["created_at", "2015-08-15 21:36:35.097632"], ["updated_at", "2015-08-15 21:36:35.097632"]]
  [1m[35m (2.4ms)[0m  commit transaction
  [1m[36m (0.1ms)[0m  [1mbegin transaction[0m
  [1m[35mUser Exists (0.1ms)[0m  SELECT  1 AS one FROM "users" WHERE "users"."username" = 'son' LIMIT 1
  [1m[36mSQL (0.2ms)[0m  [1mINSERT INTO "users" ("username", "password_digest", "created_at", "updated_at") VALUES (?, ?, ?, ?)[0m  [["username", "son"], ["password_digest", "$2a$10$zs/2OCemowgLhMi7fiR07.ms1zJ5em4EWeWo6vzwjzzGmL3AL.dRe"], ["created_at", "2015-08-15 21:36:35.167267"], ["updated_at", "2015-08-15 21:36:35.167267"]]
  [1m[35m (2.3ms)[0m  commit transaction
  [1m[36m (0.1ms)[0m  [1mbegin transaction[0m
  [1m[35mSQL (0.2ms)[0m  INSERT INTO "scavenger_hunts" ("name", "created_at", "updated_at") VALUES (?, ?, ?)  [["name", "ScavengerHunt"], ["created_at", "2015-08-15 21:36:35.176953"], ["updated_at", "2015-08-15 21:36:35.176953"]]
  [1m[36m (0.6ms)[0m  [1mcommit transaction[0m
  [1m[35m (0.0ms)[0m  begin transaction
  [1m[36mSQL (0.3ms)[0m  [1mINSERT INTO "missions" ("image", "clue", "lat", "long", "hint", "scavenger_hunt_id", "created_at", "updated_at") VALUES (?, ?, ?, ?, ?, ?, ?, ?)[0m  [["image", "homeandstudio_0_0.jpg"], ["clue", "Famous architect's abode"], ["lat", "90"], ["long", "90"], ["hint", "Ol' Frankie"], ["scavenger_hunt_id", 1], ["created_at", "2015-08-15 21:36:35.189163"], ["updated_at", "2015-08-15 21:36:35.189163"]]
  [1m[35m (0.5ms)[0m  commit transaction
  [1m[36m (2.6ms)[0m  [1mCREATE TABLE "schema_migrations" ("version" varchar NOT NULL) [0m
  [1m[35m (0.1ms)[0m  select sqlite_version(*)
  [1m[36m (0.8ms)[0m  [1mCREATE UNIQUE INDEX "unique_schema_migrations" ON "schema_migrations" ("version")[0m
  [1m[35mActiveRecord::SchemaMigration Load (0.1ms)[0m  SELECT "schema_migrations".* FROM "schema_migrations"
Migrating to CreateUsers (20150815184321)
  [1m[36m (0.1ms)[0m  [1mbegin transaction[0m
  [1m[35m (0.3ms)[0m  CREATE TABLE "users" ("id" INTEGER PRIMARY KEY AUTOINCREMENT NOT NULL, "username" varchar, "password_digest" varchar, "created_at" datetime NOT NULL, "updated_at" datetime NOT NULL) 
  [1m[36mSQL (0.1ms)[0m  [1mINSERT INTO "schema_migrations" ("version") VALUES (?)[0m  [["version", "20150815184321"]]
  [1m[35m (0.6ms)[0m  commit transaction
Migrating to CreateScavengerHunts (20150815184640)
  [1m[36m (0.0ms)[0m  [1mbegin transaction[0m
  [1m[35m (0.2ms)[0m  CREATE TABLE "scavenger_hunts" ("id" INTEGER PRIMARY KEY AUTOINCREMENT NOT NULL, "name" varchar, "created_at" datetime NOT NULL, "updated_at" datetime NOT NULL) 
  [1m[36mSQL (0.1ms)[0m  [1mINSERT INTO "schema_migrations" ("version") VALUES (?)[0m  [["version", "20150815184640"]]
  [1m[35m (0.5ms)[0m  commit transaction
Migrating to CreateGames (20150815212110)
  [1m[36m (0.0ms)[0m  [1mbegin transaction[0m
  [1m[35m (0.3ms)[0m  CREATE TABLE "games" ("id" INTEGER PRIMARY KEY AUTOINCREMENT NOT NULL, "player_one_id" integer, "player_two_id" integer, "scavenger_hunt_id" integer, "created_at" datetime NOT NULL, "updated_at" datetime NOT NULL) 
  [1m[36mSQL (0.1ms)[0m  [1mINSERT INTO "schema_migrations" ("version") VALUES (?)[0m  [["version", "20150815212110"]]
  [1m[35m (0.5ms)[0m  commit transaction
Migrating to CreateMissions (20150815212311)
  [1m[36m (0.0ms)[0m  [1mbegin transaction[0m
  [1m[35m (0.2ms)[0m  CREATE TABLE "missions" ("id" INTEGER PRIMARY KEY AUTOINCREMENT NOT NULL, "image" varchar, "clue" varchar, "lat" varchar, "long" varchar, "hint" varchar, "scavenger_hunt_id" integer, "created_at" datetime NOT NULL, "updated_at" datetime NOT NULL) 
  [1m[36mSQL (0.1ms)[0m  [1mINSERT INTO "schema_migrations" ("version") VALUES (?)[0m  [["version", "20150815212311"]]
  [1m[35m (0.5ms)[0m  commit transaction
  [1m[36mActiveRecord::SchemaMigration Load (0.1ms)[0m  [1mSELECT "schema_migrations".* FROM "schema_migrations"[0m
  [1m[35mActiveRecord::SchemaMigration Load (0.1ms)[0m  SELECT "schema_migrations".* FROM "schema_migrations"
  [1m[36m (0.1ms)[0m  [1mbegin transaction[0m
  [1m[35mUser Exists (0.1ms)[0m  SELECT  1 AS one FROM "users" WHERE "users"."username" = 'father' LIMIT 1
  [1m[36mSQL (0.3ms)[0m  [1mINSERT INTO "users" ("username", "password_digest", "created_at", "updated_at") VALUES (?, ?, ?, ?)[0m  [["username", "father"], ["password_digest", "$2a$10$Hh.nBDBjXtnTgCviO3FXyelYoueO5b0oPYecAWWG6IM..63w8R1aq"], ["created_at", "2015-08-15 21:36:58.806321"], ["updated_at", "2015-08-15 21:36:58.806321"]]
  [1m[35m (2.4ms)[0m  commit transaction
  [1m[36m (0.1ms)[0m  [1mbegin transaction[0m
  [1m[35mUser Exists (0.1ms)[0m  SELECT  1 AS one FROM "users" WHERE "users"."username" = 'son' LIMIT 1
  [1m[36mSQL (0.2ms)[0m  [1mINSERT INTO "users" ("username", "password_digest", "created_at", "updated_at") VALUES (?, ?, ?, ?)[0m  [["username", "son"], ["password_digest", "$2a$10$HugeFVf3MZ6EIkEiuOfHM.aOlk1pm33bM0OqYzRPtuHNGbHN7A.Ca"], ["created_at", "2015-08-15 21:36:58.883125"], ["updated_at", "2015-08-15 21:36:58.883125"]]
  [1m[35m (2.7ms)[0m  commit transaction
  [1m[36m (0.1ms)[0m  [1mbegin transaction[0m
  [1m[35mSQL (0.2ms)[0m  INSERT INTO "scavenger_hunts" ("name", "created_at", "updated_at") VALUES (?, ?, ?)  [["name", "ScavengerHunt"], ["created_at", "2015-08-15 21:36:58.893143"], ["updated_at", "2015-08-15 21:36:58.893143"]]
  [1m[36m (0.5ms)[0m  [1mcommit transaction[0m
  [1m[35m (0.1ms)[0m  begin transaction
  [1m[36mSQL (0.2ms)[0m  [1mINSERT INTO "missions" ("image", "clue", "lat", "long", "hint", "scavenger_hunt_id", "created_at", "updated_at") VALUES (?, ?, ?, ?, ?, ?, ?, ?)[0m  [["image", "homeandstudio_0_0.jpg"], ["clue", "Famous architect's abode"], ["lat", "90"], ["long", "90"], ["hint", "Ol' Frankie"], ["scavenger_hunt_id", 1], ["created_at", "2015-08-15 21:36:58.905596"], ["updated_at", "2015-08-15 21:36:58.905596"]]
  [1m[35m (0.6ms)[0m  commit transaction
  [1m[36mUser Load (0.1ms)[0m  [1mSELECT  "users".* FROM "users"  ORDER BY "users"."id" ASC LIMIT 1[0m
  [1m[35mUser Load (0.2ms)[0m  SELECT  "users".* FROM "users"  ORDER BY "users"."id" ASC LIMIT 1
  [1m[36mScavengerHunt Load (0.1ms)[0m  [1mSELECT  "scavenger_hunts".* FROM "scavenger_hunts"  ORDER BY "scavenger_hunts"."id" ASC LIMIT 1[0m
  [1m[35mUser Load (0.2ms)[0m  SELECT  "users".* FROM "users"  ORDER BY "users"."id" ASC LIMIT 1
  [1m[36mUser Load (0.2ms)[0m  [1mSELECT  "users".* FROM "users"  ORDER BY "users"."id" ASC LIMIT 1[0m
  [1m[35mScavengerHunt Load (0.2ms)[0m  SELECT  "scavenger_hunts".* FROM "scavenger_hunts"  ORDER BY "scavenger_hunts"."id" ASC LIMIT 1
  [1m[36m (2.6ms)[0m  [1mCREATE TABLE "schema_migrations" ("version" varchar NOT NULL) [0m
  [1m[35m (0.1ms)[0m  select sqlite_version(*)
  [1m[36m (0.8ms)[0m  [1mCREATE UNIQUE INDEX "unique_schema_migrations" ON "schema_migrations" ("version")[0m
  [1m[35mActiveRecord::SchemaMigration Load (0.1ms)[0m  SELECT "schema_migrations".* FROM "schema_migrations"
Migrating to CreateUsers (20150815184321)
  [1m[36m (0.1ms)[0m  [1mbegin transaction[0m
  [1m[35m (0.3ms)[0m  CREATE TABLE "users" ("id" INTEGER PRIMARY KEY AUTOINCREMENT NOT NULL, "username" varchar, "password_digest" varchar, "created_at" datetime NOT NULL, "updated_at" datetime NOT NULL) 
  [1m[36mSQL (0.1ms)[0m  [1mINSERT INTO "schema_migrations" ("version") VALUES (?)[0m  [["version", "20150815184321"]]
  [1m[35m (0.8ms)[0m  commit transaction
Migrating to CreateScavengerHunts (20150815184640)
  [1m[36m (0.1ms)[0m  [1mbegin transaction[0m
  [1m[35m (0.2ms)[0m  CREATE TABLE "scavenger_hunts" ("id" INTEGER PRIMARY KEY AUTOINCREMENT NOT NULL, "name" varchar, "created_at" datetime NOT NULL, "updated_at" datetime NOT NULL) 
  [1m[36mSQL (0.1ms)[0m  [1mINSERT INTO "schema_migrations" ("version") VALUES (?)[0m  [["version", "20150815184640"]]
  [1m[35m (0.5ms)[0m  commit transaction
Migrating to CreateGames (20150815212110)
  [1m[36m (0.1ms)[0m  [1mbegin transaction[0m
  [1m[35m (0.2ms)[0m  CREATE TABLE "games" ("id" INTEGER PRIMARY KEY AUTOINCREMENT NOT NULL, "player_one_id" integer, "player_two_id" integer, "scavenger_hunt_id" integer, "created_at" datetime NOT NULL, "updated_at" datetime NOT NULL) 
  [1m[36mSQL (0.1ms)[0m  [1mINSERT INTO "schema_migrations" ("version") VALUES (?)[0m  [["version", "20150815212110"]]
  [1m[35m (0.4ms)[0m  commit transaction
Migrating to CreateMissions (20150815212311)
  [1m[36m (0.0ms)[0m  [1mbegin transaction[0m
  [1m[35m (0.2ms)[0m  CREATE TABLE "missions" ("id" INTEGER PRIMARY KEY AUTOINCREMENT NOT NULL, "image" varchar, "clue" varchar, "lat" varchar, "long" varchar, "hint" varchar, "scavenger_hunt_id" integer, "created_at" datetime NOT NULL, "updated_at" datetime NOT NULL) 
  [1m[36mSQL (0.1ms)[0m  [1mINSERT INTO "schema_migrations" ("version") VALUES (?)[0m  [["version", "20150815212311"]]
  [1m[35m (0.5ms)[0m  commit transaction
  [1m[36mActiveRecord::SchemaMigration Load (0.1ms)[0m  [1mSELECT "schema_migrations".* FROM "schema_migrations"[0m
  [1m[35mActiveRecord::SchemaMigration Load (0.1ms)[0m  SELECT "schema_migrations".* FROM "schema_migrations"
  [1m[36m (0.1ms)[0m  [1mbegin transaction[0m
  [1m[35mUser Exists (0.1ms)[0m  SELECT  1 AS one FROM "users" WHERE "users"."username" = 'father' LIMIT 1
  [1m[36mSQL (0.2ms)[0m  [1mINSERT INTO "users" ("username", "password_digest", "created_at", "updated_at") VALUES (?, ?, ?, ?)[0m  [["username", "father"], ["password_digest", "$2a$10$YAsIwZiQ8flgyiYl5JpUBeiFNQ1aoZcHX9CL61DC4FMPf3T1x8GI."], ["created_at", "2015-08-15 21:40:31.188037"], ["updated_at", "2015-08-15 21:40:31.188037"]]
  [1m[35m (2.6ms)[0m  commit transaction
  [1m[36m (0.1ms)[0m  [1mbegin transaction[0m
  [1m[35mUser Exists (0.1ms)[0m  SELECT  1 AS one FROM "users" WHERE "users"."username" = 'son' LIMIT 1
  [1m[36mSQL (0.2ms)[0m  [1mINSERT INTO "users" ("username", "password_digest", "created_at", "updated_at") VALUES (?, ?, ?, ?)[0m  [["username", "son"], ["password_digest", "$2a$10$Qz08RrfpGOnyoUkxFe.uD.SrqpdUq8mTtyzL/Pv/ErwqtCirTcana"], ["created_at", "2015-08-15 21:40:31.259359"], ["updated_at", "2015-08-15 21:40:31.259359"]]
  [1m[35m (2.4ms)[0m  commit transaction
  [1m[36m (0.1ms)[0m  [1mbegin transaction[0m
  [1m[35mSQL (0.2ms)[0m  INSERT INTO "scavenger_hunts" ("name", "created_at", "updated_at") VALUES (?, ?, ?)  [["name", "ScavengerHunt"], ["created_at", "2015-08-15 21:40:31.269342"], ["updated_at", "2015-08-15 21:40:31.269342"]]
  [1m[36m (0.5ms)[0m  [1mcommit transaction[0m
  [1m[35m (0.0ms)[0m  begin transaction
  [1m[36mSQL (0.3ms)[0m  [1mINSERT INTO "missions" ("image", "clue", "lat", "long", "hint", "scavenger_hunt_id", "created_at", "updated_at") VALUES (?, ?, ?, ?, ?, ?, ?, ?)[0m  [["image", "homeandstudio_0_0.jpg"], ["clue", "Famous architect's abode"], ["lat", "90"], ["long", "90"], ["hint", "Ol' Frankie"], ["scavenger_hunt_id", 1], ["created_at", "2015-08-15 21:40:31.281524"], ["updated_at", "2015-08-15 21:40:31.281524"]]
  [1m[35m (0.5ms)[0m  commit transaction
  [1m[36mUser Load (0.1ms)[0m  [1mSELECT  "users".* FROM "users"  ORDER BY "users"."id" ASC LIMIT 1[0m
  [1m[35mGame Load (0.1ms)[0m  SELECT  "games".* FROM "games"  ORDER BY "games"."id" ASC LIMIT 1
  [1m[36mGame Load (0.2ms)[0m  [1mSELECT  "games".* FROM "games"  ORDER BY "games"."id" ASC LIMIT 1[0m
  [1m[36m (2.8ms)[0m  [1mCREATE TABLE "schema_migrations" ("version" varchar NOT NULL) [0m
  [1m[35m (0.6ms)[0m  select sqlite_version(*)
  [1m[36m (0.6ms)[0m  [1mCREATE UNIQUE INDEX "unique_schema_migrations" ON "schema_migrations" ("version")[0m
  [1m[35mActiveRecord::SchemaMigration Load (0.1ms)[0m  SELECT "schema_migrations".* FROM "schema_migrations"
Migrating to CreateUsers (20150815184321)
  [1m[36m (0.0ms)[0m  [1mbegin transaction[0m
  [1m[35m (0.2ms)[0m  CREATE TABLE "users" ("id" INTEGER PRIMARY KEY AUTOINCREMENT NOT NULL, "username" varchar, "password_digest" varchar, "created_at" datetime NOT NULL, "updated_at" datetime NOT NULL) 
  [1m[36mSQL (0.1ms)[0m  [1mINSERT INTO "schema_migrations" ("version") VALUES (?)[0m  [["version", "20150815184321"]]
  [1m[35m (0.6ms)[0m  commit transaction
Migrating to CreateScavengerHunts (20150815184640)
  [1m[36m (0.0ms)[0m  [1mbegin transaction[0m
  [1m[35m (0.2ms)[0m  CREATE TABLE "scavenger_hunts" ("id" INTEGER PRIMARY KEY AUTOINCREMENT NOT NULL, "name" varchar, "created_at" datetime NOT NULL, "updated_at" datetime NOT NULL) 
  [1m[36mSQL (0.1ms)[0m  [1mINSERT INTO "schema_migrations" ("version") VALUES (?)[0m  [["version", "20150815184640"]]
  [1m[35m (0.5ms)[0m  commit transaction
Migrating to CreateGames (20150815212110)
  [1m[36m (0.0ms)[0m  [1mbegin transaction[0m
  [1m[35m (0.2ms)[0m  CREATE TABLE "games" ("id" INTEGER PRIMARY KEY AUTOINCREMENT NOT NULL, "player_one_id" integer, "player_two_id" integer, "scavenger_hunt_id" integer, "created_at" datetime NOT NULL, "updated_at" datetime NOT NULL) 
  [1m[36mSQL (0.1ms)[0m  [1mINSERT INTO "schema_migrations" ("version") VALUES (?)[0m  [["version", "20150815212110"]]
  [1m[35m (0.5ms)[0m  commit transaction
Migrating to CreateMissions (20150815212311)
  [1m[36m (0.0ms)[0m  [1mbegin transaction[0m
  [1m[35m (0.3ms)[0m  CREATE TABLE "missions" ("id" INTEGER PRIMARY KEY AUTOINCREMENT NOT NULL, "image" varchar, "clue" varchar, "lat" varchar, "long" varchar, "hint" varchar, "scavenger_hunt_id" integer, "created_at" datetime NOT NULL, "updated_at" datetime NOT NULL) 
  [1m[36mSQL (0.1ms)[0m  [1mINSERT INTO "schema_migrations" ("version") VALUES (?)[0m  [["version", "20150815212311"]]
  [1m[35m (0.4ms)[0m  commit transaction
  [1m[36mActiveRecord::SchemaMigration Load (0.1ms)[0m  [1mSELECT "schema_migrations".* FROM "schema_migrations"[0m
  [1m[35mActiveRecord::SchemaMigration Load (0.1ms)[0m  SELECT "schema_migrations".* FROM "schema_migrations"
  [1m[36m (0.1ms)[0m  [1mbegin transaction[0m
  [1m[35mUser Exists (0.1ms)[0m  SELECT  1 AS one FROM "users" WHERE "users"."username" = 'father' LIMIT 1
  [1m[36mSQL (0.2ms)[0m  [1mINSERT INTO "users" ("username", "password_digest", "created_at", "updated_at") VALUES (?, ?, ?, ?)[0m  [["username", "father"], ["password_digest", "$2a$10$mxP5fyEKNrHASoHGXX3QmO3/CbQ5naH6ZXB.GfYKEt3PoDadH9okW"], ["created_at", "2015-08-15 21:43:21.285575"], ["updated_at", "2015-08-15 21:43:21.285575"]]
  [1m[35m (2.3ms)[0m  commit transaction
  [1m[36m (0.1ms)[0m  [1mbegin transaction[0m
  [1m[35mUser Exists (0.2ms)[0m  SELECT  1 AS one FROM "users" WHERE "users"."username" = 'son' LIMIT 1
  [1m[36mSQL (0.3ms)[0m  [1mINSERT INTO "users" ("username", "password_digest", "created_at", "updated_at") VALUES (?, ?, ?, ?)[0m  [["username", "son"], ["password_digest", "$2a$10$sOsfD3GYGM0tOzc6gTZMT.DCMLjpOCg9ydWwN54LAJw27BXvhowOa"], ["created_at", "2015-08-15 21:43:21.359364"], ["updated_at", "2015-08-15 21:43:21.359364"]]
  [1m[35m (2.5ms)[0m  commit transaction
  [1m[36m (0.1ms)[0m  [1mbegin transaction[0m
  [1m[35mSQL (0.2ms)[0m  INSERT INTO "scavenger_hunts" ("name", "created_at", "updated_at") VALUES (?, ?, ?)  [["name", "ScavengerHunt"], ["created_at", "2015-08-15 21:43:21.369939"], ["updated_at", "2015-08-15 21:43:21.369939"]]
  [1m[36m (0.5ms)[0m  [1mcommit transaction[0m
  [1m[35m (0.1ms)[0m  begin transaction
  [1m[36mSQL (0.3ms)[0m  [1mINSERT INTO "missions" ("image", "clue", "lat", "long", "hint", "scavenger_hunt_id", "created_at", "updated_at") VALUES (?, ?, ?, ?, ?, ?, ?, ?)[0m  [["image", "homeandstudio_0_0.jpg"], ["clue", "Famous architect's abode"], ["lat", "90"], ["long", "90"], ["hint", "Ol' Frankie"], ["scavenger_hunt_id", 1], ["created_at", "2015-08-15 21:43:21.382981"], ["updated_at", "2015-08-15 21:43:21.382981"]]
  [1m[35m (0.5ms)[0m  commit transaction
  [1m[36m (0.1ms)[0m  [1mbegin transaction[0m
  [1m[35mSQL (0.3ms)[0m  INSERT INTO "games" ("player_one_id", "player_two_id", "scavenger_hunt_id", "created_at", "updated_at") VALUES (?, ?, ?, ?, ?)  [["player_one_id", 1], ["player_two_id", 2], ["scavenger_hunt_id", 1], ["created_at", "2015-08-15 21:43:21.425007"], ["updated_at", "2015-08-15 21:43:21.425007"]]
  [1m[36m (2.1ms)[0m  [1mcommit transaction[0m
  [1m[36mGame Load (0.1ms)[0m  [1mSELECT  "games".* FROM "games"  ORDER BY "games"."id" ASC LIMIT 1[0m
  [1m[35mUser Load (0.2ms)[0m  SELECT  "users".* FROM "users" WHERE "users"."id" = ? LIMIT 1  [["id", 1]]
  [1m[36mUser Load (0.1ms)[0m  [1mSELECT  "users".* FROM "users" WHERE "users"."id" = ? LIMIT 1[0m  [["id", 2]]


Started GET "/" for ::1 at 2015-08-15 16:49:24 -0500
  [1m[36mActiveRecord::SchemaMigration Load (0.1ms)[0m  [1mSELECT "schema_migrations".* FROM "schema_migrations"[0m
Processing by Rails::WelcomeController#index as HTML
  Rendered /Users/yiannismoses/.rbenv/versions/2.0.0-p481/lib/ruby/gems/2.0.0/gems/railties-4.2.3/lib/rails/templates/rails/welcome/index.html.erb (2.1ms)
Completed 200 OK in 58ms (Views: 46.9ms | ActiveRecord: 0.0ms)


Started GET "/welcome/index" for ::1 at 2015-08-15 16:50:11 -0500
Processing by WelcomeController#index as HTML
  Rendered welcome/index.html.erb within layouts/application (0.3ms)
Completed 200 OK in 1478ms (Views: 1477.1ms | ActiveRecord: 0.0ms)


Started GET "/assets/games.self-e3b0c44298fc1c149afbf4c8996fb92427ae41e4649b934ca495991b7852b855.css?body=1" for ::1 at 2015-08-15 16:50:13 -0500


Started GET "/assets/missions.self-e3b0c44298fc1c149afbf4c8996fb92427ae41e4649b934ca495991b7852b855.css?body=1" for ::1 at 2015-08-15 16:50:13 -0500


Started GET "/assets/scavenger_hunts.self-e3b0c44298fc1c149afbf4c8996fb92427ae41e4649b934ca495991b7852b855.css?body=1" for ::1 at 2015-08-15 16:50:13 -0500


Started GET "/assets/sessions.self-e3b0c44298fc1c149afbf4c8996fb92427ae41e4649b934ca495991b7852b855.css?body=1" for ::1 at 2015-08-15 16:50:13 -0500


Started GET "/assets/users.self-e3b0c44298fc1c149afbf4c8996fb92427ae41e4649b934ca495991b7852b855.css?body=1" for ::1 at 2015-08-15 16:50:13 -0500


Started GET "/assets/welcome.self-e3b0c44298fc1c149afbf4c8996fb92427ae41e4649b934ca495991b7852b855.css?body=1" for ::1 at 2015-08-15 16:50:13 -0500


Started GET "/assets/application.self-e80e8f2318043e8af94dddc2adad5a4f09739a8ebb323b3ab31cd71d45fd9113.css?body=1" for ::1 at 2015-08-15 16:50:13 -0500


Started GET "/assets/jquery.self-d03a5518f45df77341bdbe6201ba3bfa547ebba8ed64f0ea56bfa5f96ea7c074.js?body=1" for ::1 at 2015-08-15 16:50:13 -0500


Started GET "/assets/jquery_ujs.self-ca5248a2fad13d6bd58ea121318d642f195f0b2dd818b30615f785ff365e8d1f.js?body=1" for ::1 at 2015-08-15 16:50:13 -0500


Started GET "/assets/games.self-877aef30ae1b040ab8a3aba4e3e309a11d7f2612f44dde450b5c157aa5f95c05.js?body=1" for ::1 at 2015-08-15 16:50:13 -0500


Started GET "/assets/missions.self-877aef30ae1b040ab8a3aba4e3e309a11d7f2612f44dde450b5c157aa5f95c05.js?body=1" for ::1 at 2015-08-15 16:50:13 -0500


Started GET "/assets/turbolinks.self-c37727e9bd6b2735da5c311aa83fead54ed0be6cc8bd9a65309e9c5abe2cbfff.js?body=1" for ::1 at 2015-08-15 16:50:13 -0500


Started GET "/assets/scavenger_hunts.self-877aef30ae1b040ab8a3aba4e3e309a11d7f2612f44dde450b5c157aa5f95c05.js?body=1" for ::1 at 2015-08-15 16:50:13 -0500


Started GET "/assets/sessions.self-877aef30ae1b040ab8a3aba4e3e309a11d7f2612f44dde450b5c157aa5f95c05.js?body=1" for ::1 at 2015-08-15 16:50:13 -0500


Started GET "/assets/users.self-877aef30ae1b040ab8a3aba4e3e309a11d7f2612f44dde450b5c157aa5f95c05.js?body=1" for ::1 at 2015-08-15 16:50:13 -0500


Started GET "/assets/welcome.self-877aef30ae1b040ab8a3aba4e3e309a11d7f2612f44dde450b5c157aa5f95c05.js?body=1" for ::1 at 2015-08-15 16:50:13 -0500


Started GET "/assets/application.self-3b8dabdc891efe46b9a144b400ad69e37d7e5876bdc39dee783419a69d7ca819.js?body=1" for ::1 at 2015-08-15 16:50:13 -0500


Started GET "/users" for ::1 at 2015-08-15 16:51:32 -0500
Processing by UsersController#index as HTML
  [1m[35mUser Load (0.3ms)[0m  SELECT "users".* FROM "users"
Completed 200 OK in 11ms (Views: 0.1ms | ActiveRecord: 0.5ms)


Started GET "/" for ::1 at 2015-08-15 16:56:35 -0500

ActiveRecord::PendingMigrationError (

Migrations are pending. To resolve this issue, run:

	bin/rake db:migrate RAILS_ENV=development

):
  activerecord (4.2.3) lib/active_record/migration.rb:392:in `check_pending!'
  activerecord (4.2.3) lib/active_record/migration.rb:373:in `call'
  actionpack (4.2.3) lib/action_dispatch/middleware/callbacks.rb:29:in `block in call'
  activesupport (4.2.3) lib/active_support/callbacks.rb:84:in `run_callbacks'
  actionpack (4.2.3) lib/action_dispatch/middleware/callbacks.rb:27:in `call'
  actionpack (4.2.3) lib/action_dispatch/middleware/reloader.rb:73:in `call'
  actionpack (4.2.3) lib/action_dispatch/middleware/remote_ip.rb:78:in `call'
  actionpack (4.2.3) lib/action_dispatch/middleware/debug_exceptions.rb:17:in `call'
  web-console (2.2.1) lib/web_console/middleware.rb:39:in `call'
  actionpack (4.2.3) lib/action_dispatch/middleware/show_exceptions.rb:30:in `call'
  railties (4.2.3) lib/rails/rack/logger.rb:38:in `call_app'
  railties (4.2.3) lib/rails/rack/logger.rb:20:in `block in call'
  activesupport (4.2.3) lib/active_support/tagged_logging.rb:68:in `block in tagged'
  activesupport (4.2.3) lib/active_support/tagged_logging.rb:26:in `tagged'
  activesupport (4.2.3) lib/active_support/tagged_logging.rb:68:in `tagged'
  railties (4.2.3) lib/rails/rack/logger.rb:20:in `call'
  actionpack (4.2.3) lib/action_dispatch/middleware/request_id.rb:21:in `call'
  rack (1.6.4) lib/rack/methodoverride.rb:22:in `call'
  rack (1.6.4) lib/rack/runtime.rb:18:in `call'
  activesupport (4.2.3) lib/active_support/cache/strategy/local_cache_middleware.rb:28:in `call'
  rack (1.6.4) lib/rack/lock.rb:17:in `call'
  actionpack (4.2.3) lib/action_dispatch/middleware/static.rb:116:in `call'
  rack (1.6.4) lib/rack/sendfile.rb:113:in `call'
  railties (4.2.3) lib/rails/engine.rb:518:in `call'
  railties (4.2.3) lib/rails/application.rb:165:in `call'
  rack (1.6.4) lib/rack/lock.rb:17:in `call'
  rack (1.6.4) lib/rack/content_length.rb:15:in `call'
  rack (1.6.4) lib/rack/handler/webrick.rb:88:in `service'
  /Users/Gaby/.rbenv/versions/2.1.2/lib/ruby/2.1.0/webrick/httpserver.rb:138:in `service'
  /Users/Gaby/.rbenv/versions/2.1.2/lib/ruby/2.1.0/webrick/httpserver.rb:94:in `run'
  /Users/Gaby/.rbenv/versions/2.1.2/lib/ruby/2.1.0/webrick/server.rb:295:in `block in start_thread'


  Rendered /Users/Gaby/.rbenv/versions/2.1.2/lib/ruby/gems/2.1.0/gems/actionpack-4.2.3/lib/action_dispatch/middleware/templates/rescues/_source.erb (2.7ms)
  Rendered /Users/Gaby/.rbenv/versions/2.1.2/lib/ruby/gems/2.1.0/gems/actionpack-4.2.3/lib/action_dispatch/middleware/templates/rescues/_trace.html.erb (2.8ms)
  Rendered /Users/Gaby/.rbenv/versions/2.1.2/lib/ruby/gems/2.1.0/gems/actionpack-4.2.3/lib/action_dispatch/middleware/templates/rescues/_request_and_response.html.erb (1.1ms)
  Rendered /Users/Gaby/.rbenv/versions/2.1.2/lib/ruby/gems/2.1.0/gems/actionpack-4.2.3/lib/action_dispatch/middleware/templates/rescues/diagnostics.html.erb within rescues/layout (28.9ms)
  Rendered /Users/Gaby/.rbenv/versions/2.1.2/lib/ruby/gems/2.1.0/gems/web-console-2.2.1/lib/web_console/templates/_markup.html.erb (0.5ms)
  Rendered /Users/Gaby/.rbenv/versions/2.1.2/lib/ruby/gems/2.1.0/gems/web-console-2.2.1/lib/web_console/templates/_inner_console_markup.html.erb within layouts/inlined_string (0.4ms)
  Rendered /Users/Gaby/.rbenv/versions/2.1.2/lib/ruby/gems/2.1.0/gems/web-console-2.2.1/lib/web_console/templates/_prompt_box_markup.html.erb within layouts/inlined_string (0.4ms)
  Rendered /Users/Gaby/.rbenv/versions/2.1.2/lib/ruby/gems/2.1.0/gems/web-console-2.2.1/lib/web_console/templates/style.css.erb within layouts/inlined_string (0.4ms)
  Rendered /Users/Gaby/.rbenv/versions/2.1.2/lib/ruby/gems/2.1.0/gems/web-console-2.2.1/lib/web_console/templates/console.js.erb within layouts/javascript (25.3ms)
  Rendered /Users/Gaby/.rbenv/versions/2.1.2/lib/ruby/gems/2.1.0/gems/web-console-2.2.1/lib/web_console/templates/main.js.erb within layouts/javascript (0.5ms)
  Rendered /Users/Gaby/.rbenv/versions/2.1.2/lib/ruby/gems/2.1.0/gems/web-console-2.2.1/lib/web_console/templates/error_page.js.erb within layouts/javascript (0.6ms)
  Rendered /Users/Gaby/.rbenv/versions/2.1.2/lib/ruby/gems/2.1.0/gems/web-console-2.2.1/lib/web_console/templates/index.html.erb (60.1ms)
  [1m[36m (1.1ms)[0m  [1mCREATE TABLE "schema_migrations" ("version" varchar NOT NULL) [0m
  [1m[35m (0.4ms)[0m  select sqlite_version(*)
  [1m[36m (1.2ms)[0m  [1mCREATE UNIQUE INDEX "unique_schema_migrations" ON "schema_migrations" ("version")[0m
  [1m[35mActiveRecord::SchemaMigration Load (0.1ms)[0m  SELECT "schema_migrations".* FROM "schema_migrations"
Migrating to CreateUsers (20150815184321)
  [1m[36m (0.1ms)[0m  [1mbegin transaction[0m
  [1m[35m (1.4ms)[0m  CREATE TABLE "users" ("id" INTEGER PRIMARY KEY AUTOINCREMENT NOT NULL, "username" varchar, "password_digest" varchar, "created_at" datetime NOT NULL, "updated_at" datetime NOT NULL) 
  [1m[36mSQL (0.4ms)[0m  [1mINSERT INTO "schema_migrations" ("version") VALUES (?)[0m  [["version", "20150815184321"]]
  [1m[35m (0.9ms)[0m  commit transaction
Migrating to CreateScavengerHunts (20150815184640)
  [1m[36m (0.1ms)[0m  [1mbegin transaction[0m
  [1m[35m (0.8ms)[0m  CREATE TABLE "scavenger_hunts" ("id" INTEGER PRIMARY KEY AUTOINCREMENT NOT NULL, "name" varchar, "created_at" datetime NOT NULL, "updated_at" datetime NOT NULL) 
  [1m[36mSQL (0.2ms)[0m  [1mINSERT INTO "schema_migrations" ("version") VALUES (?)[0m  [["version", "20150815184640"]]
  [1m[35m (0.8ms)[0m  commit transaction
Migrating to CreateGames (20150815212110)
  [1m[36m (0.1ms)[0m  [1mbegin transaction[0m
  [1m[35m (0.4ms)[0m  CREATE TABLE "games" ("id" INTEGER PRIMARY KEY AUTOINCREMENT NOT NULL, "player_one_id" integer, "player_two_id" integer, "scavenger_hunt_id" integer, "created_at" datetime NOT NULL, "updated_at" datetime NOT NULL) 
  [1m[36mSQL (0.2ms)[0m  [1mINSERT INTO "schema_migrations" ("version") VALUES (?)[0m  [["version", "20150815212110"]]
  [1m[35m (0.8ms)[0m  commit transaction
Migrating to CreateMissions (20150815212311)
  [1m[36m (0.1ms)[0m  [1mbegin transaction[0m
  [1m[35m (0.5ms)[0m  CREATE TABLE "missions" ("id" INTEGER PRIMARY KEY AUTOINCREMENT NOT NULL, "image" varchar, "clue" varchar, "lat" varchar, "long" varchar, "hint" varchar, "scavenger_hunt_id" integer, "created_at" datetime NOT NULL, "updated_at" datetime NOT NULL) 
  [1m[36mSQL (0.2ms)[0m  [1mINSERT INTO "schema_migrations" ("version") VALUES (?)[0m  [["version", "20150815212311"]]
  [1m[35m (3.9ms)[0m  commit transaction
  [1m[36mActiveRecord::SchemaMigration Load (0.2ms)[0m  [1mSELECT "schema_migrations".* FROM "schema_migrations"[0m
  [1m[36mActiveRecord::SchemaMigration Load (0.2ms)[0m  [1mSELECT "schema_migrations".* FROM "schema_migrations"[0m
  [1m[35m (0.1ms)[0m  begin transaction
  [1m[36mUser Exists (0.2ms)[0m  [1mSELECT  1 AS one FROM "users" WHERE "users"."username" = 'father' LIMIT 1[0m
  [1m[35mSQL (0.6ms)[0m  INSERT INTO "users" ("username", "password_digest", "created_at", "updated_at") VALUES (?, ?, ?, ?)  [["username", "father"], ["password_digest", "$2a$10$uezj.TWunb2WcBSzVXaNyOuER4iWWUuAr0cII48gZrx2GLugW8yQO"], ["created_at", "2015-08-15 21:57:15.878191"], ["updated_at", "2015-08-15 21:57:15.878191"]]
  [1m[36m (0.9ms)[0m  [1mcommit transaction[0m
  [1m[35m (0.1ms)[0m  begin transaction
  [1m[36mUser Exists (0.1ms)[0m  [1mSELECT  1 AS one FROM "users" WHERE "users"."username" = 'son' LIMIT 1[0m
  [1m[35mSQL (0.2ms)[0m  INSERT INTO "users" ("username", "password_digest", "created_at", "updated_at") VALUES (?, ?, ?, ?)  [["username", "son"], ["password_digest", "$2a$10$2E6biGAJAvv/hvruby7KHute5dVXVStCiPNxr2YnZO7wxtL3ufIIe"], ["created_at", "2015-08-15 21:57:15.994080"], ["updated_at", "2015-08-15 21:57:15.994080"]]
  [1m[36m (1.6ms)[0m  [1mcommit transaction[0m
  [1m[35m (0.1ms)[0m  begin transaction
  [1m[36mSQL (0.4ms)[0m  [1mINSERT INTO "scavenger_hunts" ("name", "created_at", "updated_at") VALUES (?, ?, ?)[0m  [["name", "ScavengerHunt"], ["created_at", "2015-08-15 21:57:16.005557"], ["updated_at", "2015-08-15 21:57:16.005557"]]
  [1m[35m (0.8ms)[0m  commit transaction
  [1m[36m (0.1ms)[0m  [1mbegin transaction[0m
  [1m[35mSQL (0.5ms)[0m  INSERT INTO "missions" ("image", "clue", "lat", "long", "hint", "scavenger_hunt_id", "created_at", "updated_at") VALUES (?, ?, ?, ?, ?, ?, ?, ?)  [["image", "homeandstudio_0_0.jpg"], ["clue", "Famous architect's abode"], ["lat", "90"], ["long", "90"], ["hint", "Ol' Frankie"], ["scavenger_hunt_id", 1], ["created_at", "2015-08-15 21:57:16.028524"], ["updated_at", "2015-08-15 21:57:16.028524"]]
  [1m[36m (0.8ms)[0m  [1mcommit transaction[0m
  [1m[35m (0.1ms)[0m  begin transaction
  [1m[36mSQL (0.3ms)[0m  [1mINSERT INTO "missions" ("image", "clue", "lat", "long", "hint", "scavenger_hunt_id", "created_at", "updated_at") VALUES (?, ?, ?, ?, ?, ?, ?, ?)[0m  [["image", "homeandstudio_0_0.jpg"], ["clue", "Famous architect's abode"], ["lat", "90"], ["long", "90"], ["hint", "Ol' Frankie"], ["scavenger_hunt_id", 1], ["created_at", "2015-08-15 21:57:16.032191"], ["updated_at", "2015-08-15 21:57:16.032191"]]
  [1m[35m (0.8ms)[0m  commit transaction
  [1m[36m (0.1ms)[0m  [1mbegin transaction[0m
  [1m[35mSQL (0.3ms)[0m  INSERT INTO "missions" ("image", "clue", "lat", "long", "hint", "scavenger_hunt_id", "created_at", "updated_at") VALUES (?, ?, ?, ?, ?, ?, ?, ?)  [["image", "homeandstudio_0_0.jpg"], ["clue", "Famous architect's abode"], ["lat", "90"], ["long", "90"], ["hint", "Ol' Frankie"], ["scavenger_hunt_id", 1], ["created_at", "2015-08-15 21:57:16.035274"], ["updated_at", "2015-08-15 21:57:16.035274"]]
  [1m[36m (0.8ms)[0m  [1mcommit transaction[0m
  [1m[35m (0.0ms)[0m  begin transaction
  [1m[36mSQL (0.2ms)[0m  [1mINSERT INTO "missions" ("image", "clue", "lat", "long", "hint", "scavenger_hunt_id", "created_at", "updated_at") VALUES (?, ?, ?, ?, ?, ?, ?, ?)[0m  [["image", "homeandstudio_0_0.jpg"], ["clue", "Famous architect's abode"], ["lat", "90"], ["long", "90"], ["hint", "Ol' Frankie"], ["scavenger_hunt_id", 1], ["created_at", "2015-08-15 21:57:16.039000"], ["updated_at", "2015-08-15 21:57:16.039000"]]
  [1m[35m (0.7ms)[0m  commit transaction
  [1m[36m (0.0ms)[0m  [1mbegin transaction[0m
  [1m[35mSQL (0.2ms)[0m  INSERT INTO "missions" ("image", "clue", "lat", "long", "hint", "scavenger_hunt_id", "created_at", "updated_at") VALUES (?, ?, ?, ?, ?, ?, ?, ?)  [["image", "homeandstudio_0_0.jpg"], ["clue", "Famous architect's abode"], ["lat", "90"], ["long", "90"], ["hint", "Ol' Frankie"], ["scavenger_hunt_id", 1], ["created_at", "2015-08-15 21:57:16.041710"], ["updated_at", "2015-08-15 21:57:16.041710"]]
  [1m[36m (0.7ms)[0m  [1mcommit transaction[0m
  [1m[35m (0.1ms)[0m  begin transaction
  [1m[36mSQL (0.4ms)[0m  [1mINSERT INTO "games" ("player_one_id", "player_two_id", "scavenger_hunt_id", "created_at", "updated_at") VALUES (?, ?, ?, ?, ?)[0m  [["player_one_id", 1], ["player_two_id", 2], ["scavenger_hunt_id", 1], ["created_at", "2015-08-15 21:57:16.056731"], ["updated_at", "2015-08-15 21:57:16.056731"]]
  [1m[35m (0.9ms)[0m  commit transaction


Started GET "/" for ::1 at 2015-08-15 16:57:26 -0500
  [1m[36mActiveRecord::SchemaMigration Load (0.7ms)[0m  [1mSELECT "schema_migrations".* FROM "schema_migrations"[0m
Processing by Rails::WelcomeController#index as HTML
  Rendered /Users/Gaby/.rbenv/versions/2.1.2/lib/ruby/gems/2.1.0/gems/railties-4.2.3/lib/rails/templates/rails/welcome/index.html.erb (2.2ms)
Completed 200 OK in 22ms (Views: 9.8ms | ActiveRecord: 0.0ms)


Started GET "/users" for ::1 at 2015-08-15 16:57:34 -0500

SyntaxError (/Users/Gaby/dev/POV9/POPS-LIFE-Backend/app/controllers/users_controller.rb:12: syntax error, unexpected keyword_end
/Users/Gaby/dev/POV9/POPS-LIFE-Backend/app/controllers/users_controller.rb:16: syntax error, unexpected end-of-input, expecting keyword_end):
  app/controllers/users_controller.rb:12: syntax error, unexpected keyword_end
  app/controllers/users_controller.rb:16: syntax error, unexpected end-of-input, expecting keyword_end


  Rendered /Users/Gaby/.rbenv/versions/2.1.2/lib/ruby/gems/2.1.0/gems/actionpack-4.2.3/lib/action_dispatch/middleware/templates/rescues/_source.erb (5.5ms)
  Rendered /Users/Gaby/.rbenv/versions/2.1.2/lib/ruby/gems/2.1.0/gems/actionpack-4.2.3/lib/action_dispatch/middleware/templates/rescues/_trace.html.erb (3.4ms)
  Rendered /Users/Gaby/.rbenv/versions/2.1.2/lib/ruby/gems/2.1.0/gems/actionpack-4.2.3/lib/action_dispatch/middleware/templates/rescues/_request_and_response.html.erb (1.3ms)
  Rendered /Users/Gaby/.rbenv/versions/2.1.2/lib/ruby/gems/2.1.0/gems/actionpack-4.2.3/lib/action_dispatch/middleware/templates/rescues/diagnostics.html.erb within rescues/layout (31.4ms)
  Rendered /Users/Gaby/.rbenv/versions/2.1.2/lib/ruby/gems/2.1.0/gems/web-console-2.2.1/lib/web_console/templates/_markup.html.erb (0.7ms)
  Rendered /Users/Gaby/.rbenv/versions/2.1.2/lib/ruby/gems/2.1.0/gems/web-console-2.2.1/lib/web_console/templates/_inner_console_markup.html.erb within layouts/inlined_string (0.4ms)
  Rendered /Users/Gaby/.rbenv/versions/2.1.2/lib/ruby/gems/2.1.0/gems/web-console-2.2.1/lib/web_console/templates/_prompt_box_markup.html.erb within layouts/inlined_string (0.3ms)
  Rendered /Users/Gaby/.rbenv/versions/2.1.2/lib/ruby/gems/2.1.0/gems/web-console-2.2.1/lib/web_console/templates/style.css.erb within layouts/inlined_string (0.6ms)
  Rendered /Users/Gaby/.rbenv/versions/2.1.2/lib/ruby/gems/2.1.0/gems/web-console-2.2.1/lib/web_console/templates/console.js.erb within layouts/javascript (24.5ms)
  Rendered /Users/Gaby/.rbenv/versions/2.1.2/lib/ruby/gems/2.1.0/gems/web-console-2.2.1/lib/web_console/templates/main.js.erb within layouts/javascript (0.7ms)
  Rendered /Users/Gaby/.rbenv/versions/2.1.2/lib/ruby/gems/2.1.0/gems/web-console-2.2.1/lib/web_console/templates/error_page.js.erb within layouts/javascript (0.7ms)
  Rendered /Users/Gaby/.rbenv/versions/2.1.2/lib/ruby/gems/2.1.0/gems/web-console-2.2.1/lib/web_console/templates/index.html.erb (60.5ms)


Started GET "/users" for ::1 at 2015-08-15 17:01:40 -0500
Processing by UsersController#index as HTML
  [1m[35mUser Load (1.4ms)[0m  SELECT "users".* FROM "users"
Completed 200 OK in 50ms (Views: 0.9ms | ActiveRecord: 2.0ms)


Started GET "/users" for ::1 at 2015-08-15 17:05:52 -0500
Processing by UsersController#index as HTML
  [1m[36mUser Load (1.1ms)[0m  [1mSELECT "users".* FROM "users"[0m
Completed 200 OK in 22ms (Views: 1.3ms | ActiveRecord: 1.1ms)


Started GET "/users" for ::1 at 2015-08-15 17:47:21 -0500
Processing by UsersController#index as HTML
  [1m[35mUser Load (3.7ms)[0m  SELECT "users".* FROM "users"
Completed 200 OK in 96ms (Views: 4.1ms | ActiveRecord: 3.7ms)
